<?xml version="1.0" encoding="UTF-8"?>
<!-- Generated by org.testng.reporters.JUnitReportReporter -->
<testsuite skipped="0" hostname="LAPTOP-P7OFVVMT" name="training.selenium.study.TestNg" tests="1" failures="0" timestamp="2022-03-28T08:34:20 IST" time="0.022" errors="0">
  <testcase name="demo" time="0.022" classname="training.selenium.study.TestNg"/>
  <system-out/>
</testsuite> <!-- training.selenium.study.TestNg -->
